<?xml version="1.0" encoding="UTF-8"?>
<testsuite name="TollRoadTest" tests="2" skipped="0" failures="0" errors="0" timestamp="2024-08-20T18:56:08" hostname="DESKTOP-B4OGBT6" time="0.026">
  <properties/>
  <testcase name="getVehicleReportByDescription_multipleVehicles_returnsSortedVehicles()" classname="TollRoadTest" time="0.024"/>
  <testcase name="getVehicleReportByState_multipleVehicles_returnsSortedVehicles()" classname="TollRoadTest" time="0.001"/>
  <system-out><![CDATA[]]></system-out>
  <system-err><![CDATA[]]></system-err>
</testsuite>
